Autotest: Begin at Tue Mar 16 15:04:58 CST 2021
[35m[ Task 1 test begin. ][0m
gcc programA.c -o programA
[32m[ Make programA successfully! ][0m
rm programA
[32m[ Make clean delete programA successfully. ][0m
[35m[ Task 1 test completed! ][0m
[33m[01m[ You now got 20 point(s) ][0m
[35m[ Task 2 test begin ][0m
[32m[ You have passed Task 2 testcase 1/4, great! :) ][0m
[32m[ You have passed Task 2 testcase 2/4, great! :) ][0m
bash: ./script.sh: Permission denied
[31m[01m[ You have failed Task 2 testcase 3/4, check execution permission with your script.sh! ][0m
bash: ./script.sh: Permission denied
[31m[01m[ You have failed Task 2 testcase 4/4, check execution permission with your script.sh! ][0m
[35m[ Task 2 test completed. ][0m
[33m[01m[ You now got 40 point(s) ][0m
[35m[ Task 3 test begin ][0m
[32m[ You have passed Task 3! ][0m
[35m[ Task 3 test completed. ][0m
[33m[01m[ You now got 80 point(s) ][0m
[33m[01m[ You got 80 (of 100) this time. Tue Mar 16 15:05:43 CST 2021 ][0m
