Autotest: Begin at Tue Jun  1 14:46:23 CST 2021
Beginning exam test >>>>>>>>>
Happy children's Day!


Begin build at Tue Jun  1 14:46:26 CST 2021
Cleanning the project.................

for d in boot drivers init lib mm user fs;	\
		do					\
			make --directory=$d clean; \
		done; \
	rm -rf *.o *~ gxemul/vmlinux
make[1]: Entering directory `/usr/src/workdir/boot'
rm -rf *~ *.o
make[1]: Leaving directory `/usr/src/workdir/boot'
make[1]: Entering directory `/usr/src/workdir/drivers'
for d in gxconsole; \
		do				\
			make --directory=$d clean; \
		done
make[2]: Entering directory `/usr/src/workdir/drivers/gxconsole'
rm -rf *.o *~
make[2]: Leaving directory `/usr/src/workdir/drivers/gxconsole'
make[1]: Leaving directory `/usr/src/workdir/drivers'
make[1]: Entering directory `/usr/src/workdir/init'
rm -rf *~ *.o
make[1]: Leaving directory `/usr/src/workdir/init'
make[1]: Entering directory `/usr/src/workdir/lib'
rm -rf *~ *.o
make[1]: Leaving directory `/usr/src/workdir/lib'
make[1]: Entering directory `/usr/src/workdir/mm'
rm -rf *~ *.o
make[1]: Leaving directory `/usr/src/workdir/mm'
make[1]: Entering directory `/usr/src/workdir/user'
rm -rf *~ *.o *.b.c *.x *.b
make[1]: Leaving directory `/usr/src/workdir/user'
make[1]: Entering directory `/usr/src/workdir/fs'
rm -rf *~ *.o *.b.c *.b *.x
make[1]: Leaving directory `/usr/src/workdir/fs'

Building the project..................

make --directory=boot
make[1]: Entering directory `/usr/src/workdir/boot'
/OSLAB/compiler/usr/bin/mips_4KC-gcc -O -G 0 -mno-abicalls -fno-builtin -Wa,-xgot -Wall -fPIC -march=r3000 -I../include/ -c start.S 
make[1]: Leaving directory `/usr/src/workdir/boot'
make --directory=drivers
make[1]: Entering directory `/usr/src/workdir/drivers'
make --directory=gxconsole
make[2]: Entering directory `/usr/src/workdir/drivers/gxconsole'
/OSLAB/compiler/usr/bin/mips_4KC-gcc -O -G 0 -mno-abicalls -fno-builtin -Wa,-xgot -Wall -fPIC -march=r3000   -c -o console.o console.c
make[2]: Leaving directory `/usr/src/workdir/drivers/gxconsole'
make[1]: Leaving directory `/usr/src/workdir/drivers'
make --directory=init
make[1]: Entering directory `/usr/src/workdir/init'
/OSLAB/compiler/usr/bin/mips_4KC-gcc -O -G 0 -mno-abicalls -fno-builtin -Wa,-xgot -Wall -fPIC -march=r3000 -I../include -c init.c
/OSLAB/compiler/usr/bin/mips_4KC-gcc -O -G 0 -mno-abicalls -fno-builtin -Wa,-xgot -Wall -fPIC -march=r3000 -I../include -c main.c
/OSLAB/compiler/usr/bin/mips_4KC-gcc -O -G 0 -mno-abicalls -fno-builtin -Wa,-xgot -Wall -fPIC -march=r3000 -I../include -c code.c
make[1]: Leaving directory `/usr/src/workdir/init'
make --directory=lib
make[1]: Entering directory `/usr/src/workdir/lib'
/OSLAB/compiler/usr/bin/mips_4KC-gcc -O -G 0 -mno-abicalls -fno-builtin -Wa,-xgot -Wall -fPIC -march=r3000 -I./ -I../ -I../include/ -c env.c
In file included from env.c:5:
../include/error.h:26:1: warning: "MAXERROR" redefined
In file included from env.c:4:
../include/mmu.h:125:1: warning: this is the location of the previous definition
env.c: In function 'env_alloc':
env.c:205: warning: unused variable 'r'
env.c: In function 'env_run':
env.c:485: warning: passing argument 1 of 'lcontext' makes integer from pointer without a cast
/OSLAB/compiler/usr/bin/mips_4KC-gcc -O -G 0 -mno-abicalls -fno-builtin -Wa,-xgot -Wall -fPIC -march=r3000 -I./ -I../ -I../include/ -c print.c
/OSLAB/compiler/usr/bin/mips_4KC-gcc -O -G 0 -mno-abicalls -fno-builtin -Wa,-xgot -Wall -fPIC -march=r3000 -I./ -I../ -I../include/ -c printf.c
/OSLAB/compiler/usr/bin/mips_4KC-gcc -O -G 0 -mno-abicalls -fno-builtin -Wa,-xgot -Wall -fPIC -march=r3000 -I./ -I../ -I../include/ -c sched.c
/OSLAB/compiler/usr/bin/mips_4KC-gcc -O -G 0 -mno-abicalls -fno-builtin -Wa,-xgot -Wall -fPIC -march=r3000 -I./ -I../ -I../include/ -c env_asm.S
env_asm.S: Assembler messages:
env_asm.S:62: Warning: Used $at without ".set noat"
/OSLAB/compiler/usr/bin/mips_4KC-gcc -O -G 0 -mno-abicalls -fno-builtin -Wa,-xgot -Wall -fPIC -march=r3000 -I./ -I../ -I../include/ -c kclock.c
/OSLAB/compiler/usr/bin/mips_4KC-gcc -O -G 0 -mno-abicalls -fno-builtin -Wa,-xgot -Wall -fPIC -march=r3000 -I./ -I../ -I../include/ -c traps.c
/OSLAB/compiler/usr/bin/mips_4KC-gcc -O -G 0 -mno-abicalls -fno-builtin -Wa,-xgot -Wall -fPIC -march=r3000 -I./ -I../ -I../include/ -c genex.S
/OSLAB/compiler/usr/bin/mips_4KC-gcc -O -G 0 -mno-abicalls -fno-builtin -Wa,-xgot -Wall -fPIC -march=r3000 -I./ -I../ -I../include/ -c kclock_asm.S
/OSLAB/compiler/usr/bin/mips_4KC-gcc -O -G 0 -mno-abicalls -fno-builtin -Wa,-xgot -Wall -fPIC -march=r3000 -I./ -I../ -I../include/ -c syscall.S
syscall.S: Assembler messages:
syscall.S:9: Warning: Used $at without ".set noat"
/OSLAB/compiler/usr/bin/mips_4KC-gcc -O -G 0 -mno-abicalls -fno-builtin -Wa,-xgot -Wall -fPIC -march=r3000 -I./ -I../ -I../include/ -c syscall_all.c
/OSLAB/compiler/usr/bin/mips_4KC-gcc -O -G 0 -mno-abicalls -fno-builtin -Wa,-xgot -Wall -fPIC -march=r3000 -I./ -I../ -I../include/ -c getc.S
/OSLAB/compiler/usr/bin/mips_4KC-gcc -O -G 0 -mno-abicalls -fno-builtin -Wa,-xgot -Wall -fPIC -march=r3000 -I./ -I../ -I../include/ -c kernel_elfloader.c
make[1]: Leaving directory `/usr/src/workdir/lib'
make --directory=mm
make[1]: Entering directory `/usr/src/workdir/mm'
/OSLAB/compiler/usr/bin/mips_4KC-gcc -O -G 0 -mno-abicalls -fno-builtin -Wa,-xgot -Wall -fPIC -march=r3000 -I./ -I../ -I../include/ -c pmap.c
In file included from pmap.c:5:
../include/error.h:26:1: warning: "MAXERROR" redefined
In file included from pmap.c:1:
../include/mmu.h:125:1: warning: this is the location of the previous definition
pmap.c: In function 'boot_map_segment':
pmap.c:125: warning: unused variable 'va_temp'
/OSLAB/compiler/usr/bin/mips_4KC-gcc -O -G 0 -mno-abicalls -fno-builtin -Wa,-xgot -Wall -fPIC -march=r3000 -I./ -I../ -I../include/ -c tlb_asm.S
make[1]: Leaving directory `/usr/src/workdir/mm'
make --directory=user
make[1]: Entering directory `/usr/src/workdir/user'
echo as entry.S
as entry.S
/OSLAB/compiler/usr/bin/mips_4KC-gcc -O -G 0 -mno-abicalls -fno-builtin -Wa,-xgot -Wall -fPIC -march=r3000 -I../include/ -c -o entry.o entry.S
entry.S: Assembler messages:
entry.S:104: Warning: Used $at without ".set noat"
echo as syscall_wrap.S
as syscall_wrap.S
/OSLAB/compiler/usr/bin/mips_4KC-gcc -O -G 0 -mno-abicalls -fno-builtin -Wa,-xgot -Wall -fPIC -march=r3000 -I../include/ -c -o syscall_wrap.o syscall_wrap.S
echo user1 cc fktest.c
user1 cc fktest.c
/OSLAB/compiler/usr/bin/mips_4KC-gcc -O -G 0 -mno-abicalls -fno-builtin -Wa,-xgot -Wall -fPIC -march=r3000 -I../include/ -c -o fktest.o fktest.c
echo user1 cc printf.c
user1 cc printf.c
/OSLAB/compiler/usr/bin/mips_4KC-gcc -O -G 0 -mno-abicalls -fno-builtin -Wa,-xgot -Wall -fPIC -march=r3000 -I../include/ -c -o printf.o printf.c
echo user1 cc print.c
user1 cc print.c
/OSLAB/compiler/usr/bin/mips_4KC-gcc -O -G 0 -mno-abicalls -fno-builtin -Wa,-xgot -Wall -fPIC -march=r3000 -I../include/ -c -o print.o print.c
echo user1 cc libos.c
user1 cc libos.c
/OSLAB/compiler/usr/bin/mips_4KC-gcc -O -G 0 -mno-abicalls -fno-builtin -Wa,-xgot -Wall -fPIC -march=r3000 -I../include/ -c -o libos.o libos.c
echo user1 cc fork.c
user1 cc fork.c
/OSLAB/compiler/usr/bin/mips_4KC-gcc -O -G 0 -mno-abicalls -fno-builtin -Wa,-xgot -Wall -fPIC -march=r3000 -I../include/ -c -o fork.o fork.c
fork.c: In function 'pgfault':
fork.c:91: warning: assignment makes pointer from integer without a cast
fork.c:94: warning: passing argument 2 of 'syscall_mem_alloc' makes integer from pointer without a cast
fork.c:98: warning: passing argument 1 of 'user_bcopy' makes pointer from integer without a cast
fork.c:100: warning: passing argument 2 of 'syscall_mem_map' makes integer from pointer without a cast
fork.c:103: warning: passing argument 2 of 'syscall_mem_unmap' makes integer from pointer without a cast
fork.c: In function 'duppage':
fork.c:145: warning: 'r' is used uninitialized in this function
echo user1 cc pgfault.c
user1 cc pgfault.c
/OSLAB/compiler/usr/bin/mips_4KC-gcc -O -G 0 -mno-abicalls -fno-builtin -Wa,-xgot -Wall -fPIC -march=r3000 -I../include/ -c -o pgfault.o pgfault.c
echo user1 cc syscall_lib.c
user1 cc syscall_lib.c
/OSLAB/compiler/usr/bin/mips_4KC-gcc -O -G 0 -mno-abicalls -fno-builtin -Wa,-xgot -Wall -fPIC -march=r3000 -I../include/ -c -o syscall_lib.o syscall_lib.c
echo user1 cc ipc.c
user1 cc ipc.c
/OSLAB/compiler/usr/bin/mips_4KC-gcc -O -G 0 -mno-abicalls -fno-builtin -Wa,-xgot -Wall -fPIC -march=r3000 -I../include/ -c -o ipc.o ipc.c
echo user1 cc string.c
user1 cc string.c
/OSLAB/compiler/usr/bin/mips_4KC-gcc -O -G 0 -mno-abicalls -fno-builtin -Wa,-xgot -Wall -fPIC -march=r3000 -I../include/ -c -o string.o string.c
echo user1 cc fd.c
user1 cc fd.c
/OSLAB/compiler/usr/bin/mips_4KC-gcc -O -G 0 -mno-abicalls -fno-builtin -Wa,-xgot -Wall -fPIC -march=r3000 -I../include/ -c -o fd.o fd.c
echo user1 cc pageref.c
user1 cc pageref.c
/OSLAB/compiler/usr/bin/mips_4KC-gcc -O -G 0 -mno-abicalls -fno-builtin -Wa,-xgot -Wall -fPIC -march=r3000 -I../include/ -c -o pageref.o pageref.c
echo user1 cc file.c
user1 cc file.c
/OSLAB/compiler/usr/bin/mips_4KC-gcc -O -G 0 -mno-abicalls -fno-builtin -Wa,-xgot -Wall -fPIC -march=r3000 -I../include/ -c -o file.o file.c
file.c: In function 'user_create':
file.c:282: warning: implicit declaration of function 'fsipc_create'
echo user1 cc pipe.c
user1 cc pipe.c
/OSLAB/compiler/usr/bin/mips_4KC-gcc -O -G 0 -mno-abicalls -fno-builtin -Wa,-xgot -Wall -fPIC -march=r3000 -I../include/ -c -o pipe.o pipe.c
pipe.c: In function '_pipeisclosed':
pipe.c:94: warning: unused variable 'runs'
pipe.c:94: warning: unused variable 'pfp'
pipe.c:94: warning: unused variable 'pfd'
pipe.c:99: warning: control reaches end of non-void function
pipe.c: In function 'piperead':
pipe.c:134: warning: unused variable 'rbuf'
pipe.c:133: warning: unused variable 'p'
pipe.c:141: warning: 'i' is used uninitialized in this function
pipe.c: In function 'pipewrite':
pipe.c:160: warning: unused variable 'wbuf'
pipe.c:159: warning: unused variable 'p'
pipe.c:158: warning: unused variable 'i'
echo user1 cc fsipc.c
user1 cc fsipc.c
/OSLAB/compiler/usr/bin/mips_4KC-gcc -O -G 0 -mno-abicalls -fno-builtin -Wa,-xgot -Wall -fPIC -march=r3000 -I../include/ -c -o fsipc.o fsipc.c
echo user1 cc console.c
user1 cc console.c
/OSLAB/compiler/usr/bin/mips_4KC-gcc -O -G 0 -mno-abicalls -fno-builtin -Wa,-xgot -Wall -fPIC -march=r3000 -I../include/ -c -o console.o console.c
echo user1 cc fprintf.c
user1 cc fprintf.c
/OSLAB/compiler/usr/bin/mips_4KC-gcc -O -G 0 -mno-abicalls -fno-builtin -Wa,-xgot -Wall -fPIC -march=r3000 -I../include/ -c -o fprintf.o fprintf.c
echo ld fktest.b
ld fktest.b
/OSLAB/compiler/usr/bin/mips_4KC-ld -o fktest.b  -G 0 -static -n -nostdlib -T ./user.lds entry.o syscall_wrap.o fktest.o printf.o print.o libos.o fork.o pgfault.o syscall_lib.o ipc.o string.o fd.o pageref.o file.o pipe.o fsipc.o console.o fprintf.o
echo create fktest.b.c
create fktest.b.c
echo bintoc fktest fktest.b > fktest.b.c~
chmod +x ./bintoc
./bintoc fktest fktest.b > fktest.b.c~ && mv -f fktest.b.c~ fktest.b.c
echo cc1 fktest.b.c
cc1 fktest.b.c
/OSLAB/compiler/usr/bin/mips_4KC-gcc -O -G 0 -mno-abicalls -fno-builtin -Wa,-xgot -Wall -fPIC -march=r3000 -c -o fktest.x fktest.b.c
echo user1 cc pingpong.c
user1 cc pingpong.c
/OSLAB/compiler/usr/bin/mips_4KC-gcc -O -G 0 -mno-abicalls -fno-builtin -Wa,-xgot -Wall -fPIC -march=r3000 -I../include/ -c -o pingpong.o pingpong.c
echo ld pingpong.b
ld pingpong.b
/OSLAB/compiler/usr/bin/mips_4KC-ld -o pingpong.b  -G 0 -static -n -nostdlib -T ./user.lds entry.o syscall_wrap.o pingpong.o printf.o print.o libos.o fork.o pgfault.o syscall_lib.o ipc.o string.o fd.o pageref.o file.o pipe.o fsipc.o console.o fprintf.o
echo create pingpong.b.c
create pingpong.b.c
echo bintoc pingpong pingpong.b > pingpong.b.c~
chmod +x ./bintoc
./bintoc pingpong pingpong.b > pingpong.b.c~ && mv -f pingpong.b.c~ pingpong.b.c
echo cc1 pingpong.b.c
cc1 pingpong.b.c
/OSLAB/compiler/usr/bin/mips_4KC-gcc -O -G 0 -mno-abicalls -fno-builtin -Wa,-xgot -Wall -fPIC -march=r3000 -c -o pingpong.x pingpong.b.c
echo user1 cc idle.c
user1 cc idle.c
/OSLAB/compiler/usr/bin/mips_4KC-gcc -O -G 0 -mno-abicalls -fno-builtin -Wa,-xgot -Wall -fPIC -march=r3000 -I../include/ -c -o idle.o idle.c
echo ld idle.b
ld idle.b
/OSLAB/compiler/usr/bin/mips_4KC-ld -o idle.b  -G 0 -static -n -nostdlib -T ./user.lds entry.o syscall_wrap.o idle.o printf.o print.o libos.o fork.o pgfault.o syscall_lib.o ipc.o string.o fd.o pageref.o file.o pipe.o fsipc.o console.o fprintf.o
echo create idle.b.c
create idle.b.c
echo bintoc idle idle.b > idle.b.c~
chmod +x ./bintoc
./bintoc idle idle.b > idle.b.c~ && mv -f idle.b.c~ idle.b.c
echo cc1 idle.b.c
cc1 idle.b.c
/OSLAB/compiler/usr/bin/mips_4KC-gcc -O -G 0 -mno-abicalls -fno-builtin -Wa,-xgot -Wall -fPIC -march=r3000 -c -o idle.x idle.b.c
echo user1 cc fstest.c
user1 cc fstest.c
/OSLAB/compiler/usr/bin/mips_4KC-gcc -O -G 0 -mno-abicalls -fno-builtin -Wa,-xgot -Wall -fPIC -march=r3000 -I../include/ -c -o fstest.o fstest.c
fstest.c: In function 'umain':
fstest.c:103: error: 'E_DIR_NOT_EXIST' undeclared (first use in this function)
fstest.c:103: error: (Each undeclared identifier is reported only once
fstest.c:103: error: for each function it appears in.)
make[1]: *** [fstest.o] Error 1
rm idle.o pingpong.b.c idle.b fktest.b.c idle.b.c pingpong.o fktest.o
make[1]: Leaving directory `/usr/src/workdir/user'
make: *** [user] Error 2
Compile Error!

End build at Tue Jun  1 14:46:29 CST 2021
[31m[01m[ There is something wrong with you vmlinux. ][0m
[33m[01m[ You got 0 (of 100) this time. Tue Jun  1 14:46:29 CST 2021 ][0m
