Autotest: Begin at Tue Mar  9 16:21:09 CST 2021
[32m[ You have passed bash testcase3 1/2 ][0m
[32m[ You have passed bash testcase3 2/2 ][0m
[32m[ File1~40 all exist.You have passed bash testcase5 1/3 ][0m
[32m[ Newfile41~70 all exist.You have passed bash testcase5 2/3 ][0m
[32m[ File41~100 don't exist.You have passed bash testcase5 3/3 ][0m
[32m[ You have passed bash testcase6 1/2 ][0m
[32m[ You have passed bash testcase6 2/2 ][0m
[32m[ You have passed bash testcase7 1/2 ][0m
[32m[ You have passed bash testcase7 2/2 ][0m
[32m[ Makefile found.You hace passed testcase4 ][0m
gcc -o palindrome palindrome.c
[32m[ palindrome found. You hace passed testcase2. ][0m
[32m[ You have passed palindrome testcase1 1/3 ][0m
[32m[ You have passed palindrome testcase1 2/3 ][0m
[32m[ You have passed palindrome testcase1 3/3 ][0m
[33m[01m[ Start to testcase8 ][0m
[32m[ Makefile found. ][0m
gcc -o code/main.o -c code/main.c -I include
gcc -o code/fibo.o -c code/fibo.c -I include
gcc -o fibo code/main.o code/fibo.o
[32m[ fibo found. ][0m
[32m[ You have passed fibo testcase 1/2 ][0m
[32m[ You have passed fibo testcase 2/2 ][0m
[32m[ find your fibo.o ][0m
[32m[ find your main.o ][0m
rm code/fibo.o
rm code/main.o
[32m[ make clean can delete fibo.o ][0m
[32m[ make clean can delete main.o ][0m
[32m[ find your fibo after make clean ][0m
[33m[01m[ You got 100 (of 100) this time. Tue Mar  9 16:21:29 CST 2021 ][0m
